<?xml version="1.0" encoding="UTF-8"?>
<testsuite name="com.ex.tests.AllOtherMethodsTests" tests="6" skipped="0" failures="0" errors="0" timestamp="2021-04-28T16:04:06" hostname="sams-MacBook-Pro.local" time="2.097">
  <properties/>
  <testcase name="test_checkUserFALSE" classname="com.ex.tests.AllOtherMethodsTests" time="2.027"/>
  <testcase name="test_deposit" classname="com.ex.tests.AllOtherMethodsTests" time="0.065"/>
  <testcase name="test_clearCurrentUser" classname="com.ex.tests.AllOtherMethodsTests" time="0.001"/>
  <testcase name="test_checkUserTRUE" classname="com.ex.tests.AllOtherMethodsTests" time="0.001"/>
  <testcase name="test_withdrawalTRUE" classname="com.ex.tests.AllOtherMethodsTests" time="0.001"/>
  <testcase name="test_withdrawalFALSE" classname="com.ex.tests.AllOtherMethodsTests" time="0.001"/>
  <system-out><![CDATA[]]></system-out>
  <system-err><![CDATA[]]></system-err>
</testsuite>
