<?xml version="1.0" encoding="UTF-8"?>
<testsuite name="com.ex.tests.ServiceTests" tests="10" skipped="0" failures="0" errors="0" timestamp="2021-04-28T16:04:08" hostname="sams-MacBook-Pro.local" time="0.37">
  <properties/>
  <testcase name="test_findAll" classname="com.ex.tests.ServiceTests" time="0.144"/>
  <testcase name="test_findById" classname="com.ex.tests.ServiceTests" time="0.019"/>
  <testcase name="test_findByUsername" classname="com.ex.tests.ServiceTests" time="0.051"/>
  <testcase name="test_delete" classname="com.ex.tests.ServiceTests" time="0.004"/>
  <testcase name="test_findTransactions" classname="com.ex.tests.ServiceTests" time="0.007"/>
  <testcase name="test_update" classname="com.ex.tests.ServiceTests" time="0.003"/>
  <testcase name="test_findAccount" classname="com.ex.tests.ServiceTests" time="0.014"/>
  <testcase name="test_addTransaction" classname="com.ex.tests.ServiceTests" time="0.017"/>
  <testcase name="test_findAllUsers" classname="com.ex.tests.ServiceTests" time="0.009"/>
  <testcase name="test_addUser" classname="com.ex.tests.ServiceTests" time="0.053"/>
  <system-out><![CDATA[Before Service Tests
Before Service Tests
Before Service Tests
Before Service Tests
Before Service Tests
Before Service Tests
Before Service Tests
Before Service Tests
Before Service Tests
Before Service Tests
]]></system-out>
  <system-err><![CDATA[]]></system-err>
</testsuite>
